Using pre-set license
Built from '2020.3/staging' branch; Version is '2020.3.17f1 (a4537701e4ab) revision 10769271'; Using compiler version '192528614'; Build Type 'Release'
OS: 'Windows 10 Pro; OS build 19043.1348; Version 2009; 64bit' Language: 'en' Physical Memory: 6027 MB
BatchMode: 1, IsHumanControllingUs: 0, StartBugReporterOnCrash: 0, Is64bit: 1, IsPro: 0

COMMAND LINE ARGUMENTS:
C:\Program Files\Unity\Hub\Editor\2020.3.17f1\Editor\Unity.exe
-adb2
-batchMode
-noUpm
-name
AssetImportWorker0
-projectPath
C:/Users/anaat/VampireCurse
-logFile
Logs/AssetImportWorker0.log
-srvPort
51691
Successfully changed project path to: C:/Users/anaat/VampireCurse
C:/Users/anaat/VampireCurse
Using Asset Import Pipeline V2.
Refreshing native plugins compatible for Editor in 68.89 ms, found 2 plugins.
Preloading 0 native plugins for Editor in 0.00 ms.
Initialize engine version: 2020.3.17f1 (a4537701e4ab)
[Subsystems] Discovering subsystems at path C:/Program Files/Unity/Hub/Editor/2020.3.17f1/Editor/Data/Resources/UnitySubsystems
[Subsystems] Discovering subsystems at path C:/Users/anaat/VampireCurse/Assets
GfxDevice: creating device client; threaded=0
Direct3D:
    Version:  Direct3D 11.0 [level 11.0]
    Renderer: NVIDIA NVS 4200M (ID=0x1057)
    Vendor:   
    VRAM:     979 MB
    Driver:   21.21.13.7849
Initialize mono
Mono path[0] = 'C:/Program Files/Unity/Hub/Editor/2020.3.17f1/Editor/Data/Managed'
Mono path[1] = 'C:/Program Files/Unity/Hub/Editor/2020.3.17f1/Editor/Data/MonoBleedingEdge/lib/mono/unityjit'
Mono config path = 'C:/Program Files/Unity/Hub/Editor/2020.3.17f1/Editor/Data/MonoBleedingEdge/etc'
Using monoOptions --debugger-agent=transport=dt_socket,embedding=1,server=y,suspend=n,address=127.0.0.1:56148
Begin MonoManager ReloadAssembly
Registering precompiled unity dll's ...
Register platform support module: C:/Program Files/Unity/Hub/Editor/2020.3.17f1/Editor/Data/PlaybackEngines/WindowsStandaloneSupport/UnityEditor.WindowsStandalone.Extensions.dll
Registered in 0.008908 seconds.
Native extension for WindowsStandalone target not found
Refreshing native plugins compatible for Editor in 59.84 ms, found 2 plugins.
Preloading 0 native plugins for Editor in 0.00 ms.
Mono: successfully reloaded assembly
- Completed reload, in  2.217 seconds
Domain Reload Profiling:
	ReloadAssembly (2218ms)
		BeginReloadAssembly (87ms)
			ExecutionOrderSort (0ms)
			DisableScriptedObjects (0ms)
			BackupInstance (0ms)
			ReleaseScriptingObjects (0ms)
			CreateAndSetChildDomain (1ms)
		EndReloadAssembly (824ms)
			LoadAssemblies (92ms)
			RebuildTransferFunctionScriptingTraits (0ms)
			SetupTypeCache (370ms)
			ReleaseScriptCaches (0ms)
			RebuildScriptCaches (53ms)
			SetupLoadedEditorAssemblies (270ms)
				LogAssemblyErrors (0ms)
				InitializePlatformSupportModulesInManaged (7ms)
				SetLoadedEditorAssemblies (0ms)
				RefreshPlugins (60ms)
				BeforeProcessingInitializeOnLoad (26ms)
				ProcessInitializeOnLoadAttributes (130ms)
				ProcessInitializeOnLoadMethodAttributes (46ms)
				AfterProcessingInitializeOnLoad (0ms)
				EditorAssembliesLoaded (0ms)
			ExecutionOrderSort2 (0ms)
			AwakeInstancesAfterBackupRestoration (0ms)
Platform modules already initialized, skipping
Registering precompiled user dll's ...
Registered in 0.006152 seconds.
Begin MonoManager ReloadAssembly
Native extension for WindowsStandalone target not found
Refreshing native plugins compatible for Editor in 0.75 ms, found 2 plugins.
Preloading 0 native plugins for Editor in 0.00 ms.
Mono: successfully reloaded assembly
- Completed reload, in  2.300 seconds
Domain Reload Profiling:
	ReloadAssembly (2302ms)
		BeginReloadAssembly (380ms)
			ExecutionOrderSort (0ms)
			DisableScriptedObjects (20ms)
			BackupInstance (0ms)
			ReleaseScriptingObjects (0ms)
			CreateAndSetChildDomain (31ms)
		EndReloadAssembly (1804ms)
			LoadAssemblies (149ms)
			RebuildTransferFunctionScriptingTraits (0ms)
			SetupTypeCache (469ms)
			ReleaseScriptCaches (1ms)
			RebuildScriptCaches (76ms)
			SetupLoadedEditorAssemblies (928ms)
				LogAssemblyErrors (0ms)
				InitializePlatformSupportModulesInManaged (8ms)
				SetLoadedEditorAssemblies (1ms)
				RefreshPlugins (1ms)
				BeforeProcessingInitializeOnLoad (130ms)
				ProcessInitializeOnLoadAttributes (767ms)
				ProcessInitializeOnLoadMethodAttributes (7ms)
				AfterProcessingInitializeOnLoad (14ms)
				EditorAssembliesLoaded (1ms)
			ExecutionOrderSort2 (0ms)
			AwakeInstancesAfterBackupRestoration (11ms)
Platform modules already initialized, skipping
========================================================================
Worker process is ready to serve import requests
Launched and connected shader compiler UnityShaderCompiler.exe after 0.14 seconds
Refreshing native plugins compatible for Editor in 0.73 ms, found 2 plugins.
Preloading 0 native plugins for Editor in 0.00 ms.
Unloading 1409 Unused Serialized files (Serialized files now loaded: 0)
System memory in use before: 79.7 MB.
System memory in use after: 79.8 MB.

Unloading 17 unused Assets to reduce memory usage. Loaded Objects now: 1863.
Total: 4.537700 ms (FindLiveObjects: 0.182800 ms CreateObjectMapping: 0.065700 ms MarkObjects: 4.247500 ms  DeleteObjects: 0.039400 ms)

AssetImportParameters requested are different than current active one (requested -> active):
  custom:framework-win-MediaFoundation: 216162199b28c13a410421893ffa2e32 -> 
  custom:video-decoder-ogg-theora: a1e56fd34408186e4bbccfd4996cb3dc -> 
  custom:container-muxer-webm: aa71ff27fc2769a1b78a27578f13a17b -> 
  custom:container-demuxer-webm: 4f35f7cbe854078d1ac9338744f61a02 -> 
  custom:container-demuxer-ogg: 62fdf1f143b41e24485cea50d1cbac27 -> 
  custom:video-encoder-webm-vp8: eb34c28f22e8b96e1ab97ce403110664 -> 
  custom:video-decoder-webm-vp8: 9c59270c3fd7afecdb556c50c9e8de78 -> 
  custom:audio-decoder-ogg-vorbis: bf7c407c2cedff20999df2af8eb42d56 -> 
  custom:audio-encoder-webm-vorbis: bf7c407c2cedff20999df2af8eb42d56 -> 
========================================================================
Received Import Request.
  path: Assets/MyAssets/Prefabs/Enemy.prefab
  artifactKey: Guid(f2b954f8890c4d142b84fb3aaa2fddf1) Importer(815301076,1909f56bfc062723c751e8b465ee728b)
Start importing Assets/MyAssets/Prefabs/Enemy.prefab using Guid(f2b954f8890c4d142b84fb3aaa2fddf1) Importer(815301076,1909f56bfc062723c751e8b465ee728b)  -> (artifact id: 'dd4a7e6d6074daf4f36d70e0466e2bad') in 0.363585 seconds 
  Import took 0.369936 seconds .

========================================================================
Received Import Request.
  Time since last request: 90.554729 seconds.
  path: Assets/MyAssets/Animations/Hero/attack2hero.anim
  artifactKey: Guid(0c11529936362a84b95b52afae934ad0) Importer(815301076,1909f56bfc062723c751e8b465ee728b)
Start importing Assets/MyAssets/Animations/Hero/attack2hero.anim using Guid(0c11529936362a84b95b52afae934ad0) Importer(815301076,1909f56bfc062723c751e8b465ee728b)  -> (artifact id: '68e9d0e298dce2ffd6fa16a406451731') in 0.070958 seconds 
  Import took 0.076500 seconds .

========================================================================
Received Import Request.
  Time since last request: 20.678146 seconds.
  path: Assets/MyAssets/Animations/Hero/attackhero.anim
  artifactKey: Guid(58e1d80c1a5d4dc41b5f2fee7a586fec) Importer(815301076,1909f56bfc062723c751e8b465ee728b)
Start importing Assets/MyAssets/Animations/Hero/attackhero.anim using Guid(58e1d80c1a5d4dc41b5f2fee7a586fec) Importer(815301076,1909f56bfc062723c751e8b465ee728b)  -> (artifact id: '739c1c6a032a7dcce858ccf56e46f8ea') in 0.065935 seconds 
  Import took 0.072368 seconds .

========================================================================
Received Import Request.
  Time since last request: 152.366602 seconds.
  path: Assets/MyAssets/Animations/Bat/Zubat.controller
  artifactKey: Guid(4e966629e09bcd949b04397e3a0c03fc) Importer(815301076,1909f56bfc062723c751e8b465ee728b)
Start importing Assets/MyAssets/Animations/Bat/Zubat.controller using Guid(4e966629e09bcd949b04397e3a0c03fc) Importer(815301076,1909f56bfc062723c751e8b465ee728b)  -> (artifact id: 'c45b3a99a9ed8c7623571b6f270a0433') in 0.032931 seconds 
  Import took 0.039535 seconds .

========================================================================
Received Import Request.
  Time since last request: 0.006631 seconds.
  path: Assets/MyAssets/Animations/Bat/Zubat.controller
  artifactKey: Guid(4e966629e09bcd949b04397e3a0c03fc) Importer(815301076,1909f56bfc062723c751e8b465ee728b)
Start importing Assets/MyAssets/Animations/Bat/Zubat.controller using Guid(4e966629e09bcd949b04397e3a0c03fc) Importer(815301076,1909f56bfc062723c751e8b465ee728b)  -> (artifact id: 'c45b3a99a9ed8c7623571b6f270a0433') in 0.014976 seconds 
  Import took 0.019685 seconds .

AssetImportWorkerClient::OnTransportError - code=2 error=End of file
